{
  "RSpec": {
    "coverage": {
      "/Users/mike/.config/zsh/lib/zdots/ai/client.rb": {
        "lines": [
          null,
          null,
          1,
          1,
          1,
          null,
          1,
          10,
          9,
          null,
          null,
          1,
          47,
          null,
          null,
          1,
          50,
          null,
          null,
          1,
          0,
          null,
          null,
          1,
          0,
          0,
          null,
          null,
          1,
          28,
          28,
          4,
          4,
          null,
          24,
          23,
          2,
          2,
          null,
          21,
          null,
          null,
          1,
          1,
          null,
          1,
          0,
          0,
          null,
          null,
          1,
          0,
          0,
          0,
          0,
          0,
          0,
          0,
          0,
          null,
          0,
          null,
          null,
          1,
          23,
          23,
          23,
          null,
          null,
          null,
          null,
          null,
          null,
          0,
          null,
          null,
          1,
          27,
          27,
          6,
          21,
          0,
          null,
          27,
          null,
          null,
          null,
          null,
          null,
          null,
          null,
          null,
          null,
          null,
          null,
          null,
          null,
          1,
          1,
          1,
          null,
          1,
          null,
          1,
          0,
          0,
          0,
          0,
          null,
          0,
          0,
          null,
          0,
          0,
          null,
          0,
          0,
          null,
          0,
          null,
          null,
          null,
          null,
          1,
          1,
          null,
          1,
          0,
          0,
          0,
          0,
          0,
          0,
          null,
          null,
          1,
          0,
          null,
          null,
          null,
          null
        ],
        "branches": {
          "[:if, 0, 31, 6, 34, 9]": {
            "[:then, 1, 32, 8, 33, 66]": 4,
            "[:else, 2, 31, 6, 34, 9]": 24
          },
          "[:if, 3, 35, 6, 35, 31]": {
            "[:then, 4, 35, 6, 35, 12]": 1,
            "[:else, 5, 35, 6, 35, 31]": 23
          },
          "[:unless, 6, 36, 6, 39, 9]": {
            "[:else, 7, 36, 6, 39, 9]": 21,
            "[:then, 8, 37, 8, 38, 78]": 2
          },
          "[:unless, 9, 78, 8, 78, 68]": {
            "[:else, 10, 78, 8, 78, 68]": 27,
            "[:then, 11, 78, 8, 78, 14]": 0
          },
          "[:case, 12, 79, 15, 83, 18]": {
            "[:when, 13, 80, 55, 80, 62]": 6,
            "[:when, 14, 81, 55, 81, 61]": 21,
            "[:else, 15, 82, 20, 82, 29]": 0
          },
          "[:unless, 16, 114, 8, 114, 98]": {
            "[:else, 17, 114, 8, 114, 98]": 0,
            "[:then, 18, 114, 8, 114, 70]": 0
          },
          "[:if, 19, 117, 8, 117, 75]": {
            "[:then, 20, 117, 8, 117, 43]": 0,
            "[:else, 21, 117, 8, 117, 75]": 0
          },
          "[:if, 22, 129, 8, 129, 54]": {
            "[:then, 23, 129, 8, 129, 39]": 0,
            "[:else, 24, 129, 8, 129, 54]": 0
          },
          "[:if, 25, 132, 8, 132, 49]": {
            "[:then, 26, 132, 8, 132, 42]": 0,
            "[:else, 27, 132, 8, 132, 49]": 0
          }
        }
      },
      "/Users/mike/.config/zsh/lib/zdots/ai/phi_scrubber.rb": {
        "lines": [
          null,
          null,
          1,
          null,
          1,
          1,
          null,
          null,
          null,
          1,
          1,
          null,
          null,
          6,
          null,
          null,
          1,
          154,
          null,
          null,
          null,
          null
        ],
        "branches": {}
      },
      "/Users/mike/.config/zsh/lib/zdots/ai/pipeline.rb": {
        "lines": [
          null,
          null,
          1,
          1,
          null,
          1,
          1,
          null,
          null,
          null,
          1,
          1,
          1,
          null,
          null,
          null,
          1,
          7,
          5,
          5,
          null,
          null,
          null,
          null,
          1,
          5,
          4,
          4,
          null,
          null,
          1,
          null,
          1,
          12,
          9,
          null,
          3,
          null,
          null,
          1,
          9,
          null,
          null,
          1,
          5,
          5,
          5,
          5,
          4,
          null,
          1,
          null,
          null,
          1,
          4,
          3,
          3,
          1,
          null,
          1,
          null,
          null,
          null,
          null,
          null
        ],
        "branches": {
          "[:if, 0, 46, 10, 46, 63]": {
            "[:then, 1, 46, 10, 46, 53]": 1,
            "[:else, 2, 46, 10, 46, 63]": 4
          },
          "[:if, 3, 57, 10, 57, 98]": {
            "[:then, 4, 57, 10, 57, 66]": 2,
            "[:else, 5, 57, 10, 57, 98]": 1
          }
        }
      },
      "/Users/mike/.config/zsh/lib/zdots/crypto/key_store.rb": {
        "lines": [
          null,
          null,
          1,
          1,
          1,
          1,
          6,
          6,
          3,
          null,
          null,
          1,
          4,
          4,
          2,
          null,
          2,
          2,
          1,
          null,
          1,
          null,
          null,
          null,
          null
        ],
        "branches": {
          "[:if, 0, 8, 8, 8, 92]": {
            "[:then, 1, 8, 8, 8, 60]": 3,
            "[:else, 2, 8, 8, 8, 92]": 3
          },
          "[:if, 3, 14, 8, 16, 11]": {
            "[:then, 4, 15, 10, 15, 151]": 2,
            "[:else, 5, 14, 8, 16, 11]": 2
          },
          "[:if, 6, 18, 8, 20, 11]": {
            "[:then, 7, 19, 10, 19, 104]": 1,
            "[:else, 8, 18, 8, 20, 11]": 1
          }
        }
      },
      "/Users/mike/.config/zsh/lib/zdots/models/encrypted_content.rb": {
        "lines": [
          null,
          null,
          1,
          1,
          1,
          1,
          0,
          null,
          null,
          1,
          1,
          0,
          0,
          0,
          0,
          null,
          null,
          0,
          0,
          0,
          null,
          null,
          null,
          null,
          null,
          null
        ],
        "branches": {
          "[:if, 0, 14, 12, 14, 34]": {
            "[:then, 1, 14, 12, 14, 22]": 0,
            "[:else, 2, 14, 12, 14, 34]": 0
          },
          "[:if, 3, 19, 27, 20, 104]": {
            "[:then, 4, 19, 40, 19, 43]": 0,
            "[:else, 5, 20, 14, 20, 104]": 0
          }
        }
      }
    },
    "timestamp": 1780054126
  }
}
