{
  "RSpec": {
    "coverage": {
      "/Users/mike/.config/zsh/lib/zdots/ai/client.rb": {
        "lines": [
          null,
          null,
          1,
          1,
          1,
          null,
          1,
          12,
          11,
          null,
          null,
          1,
          77,
          null,
          null,
          1,
          70,
          null,
          null,
          1,
          8,
          null,
          null,
          1,
          6,
          5,
          null,
          null,
          1,
          39,
          39,
          5,
          5,
          null,
          34,
          null,
          33,
          3,
          3,
          null,
          30,
          null,
          null,
          1,
          1,
          null,
          1,
          2,
          2,
          null,
          null,
          1,
          2,
          2,
          2,
          2,
          2,
          2,
          2,
          2,
          null,
          2,
          null,
          null,
          1,
          33,
          33,
          32,
          null,
          null,
          null,
          null,
          null,
          null,
          1,
          null,
          null,
          1,
          41,
          null,
          41,
          9,
          31,
          1,
          null,
          41,
          null,
          null,
          null,
          null,
          null,
          null,
          null,
          null,
          null,
          null,
          null,
          null,
          null,
          1,
          1,
          1,
          null,
          1,
          null,
          1,
          6,
          6,
          6,
          6,
          null,
          6,
          6,
          null,
          6,
          6,
          null,
          5,
          5,
          null,
          3,
          null,
          null,
          null,
          null,
          1,
          1,
          null,
          1,
          5,
          5,
          10,
          14,
          5,
          5,
          null,
          null,
          1,
          1,
          null,
          null,
          null,
          null
        ],
        "branches": {
          "[:if, 0, 31, 6, 34, 9]": {
            "[:then, 1, 32, 8, 33, 66]": 5,
            "[:else, 2, 31, 6, 34, 9]": 34
          },
          "[:if, 3, 35, 6, 35, 31]": {
            "[:then, 4, 35, 6, 35, 12]": 1,
            "[:else, 5, 35, 6, 35, 31]": 33
          },
          "[:unless, 6, 37, 6, 40, 9]": {
            "[:else, 7, 37, 6, 40, 9]": 30,
            "[:then, 8, 38, 8, 39, 78]": 3
          },
          "[:unless, 9, 79, 8, 79, 68]": {
            "[:else, 10, 79, 8, 79, 68]": 41,
            "[:then, 11, 79, 8, 79, 14]": 0
          },
          "[:case, 12, 81, 15, 85, 18]": {
            "[:when, 13, 82, 55, 82, 62]": 9,
            "[:when, 14, 83, 55, 83, 61]": 31,
            "[:else, 15, 84, 20, 84, 29]": 1
          },
          "[:unless, 16, 116, 8, 116, 98]": {
            "[:else, 17, 116, 8, 116, 98]": 5,
            "[:then, 18, 116, 8, 116, 70]": 1
          },
          "[:if, 19, 119, 8, 119, 75]": {
            "[:then, 20, 119, 8, 119, 43]": 2,
            "[:else, 21, 119, 8, 119, 75]": 3
          },
          "[:if, 22, 131, 8, 131, 54]": {
            "[:then, 23, 131, 8, 131, 39]": 2,
            "[:else, 24, 131, 8, 131, 54]": 3
          },
          "[:if, 25, 134, 8, 134, 49]": {
            "[:then, 26, 134, 8, 134, 42]": 4,
            "[:else, 27, 134, 8, 134, 49]": 1
          }
        }
      },
      "/Users/mike/.config/zsh/lib/zdots/ai/phi_scrubber.rb": {
        "lines": [
          null,
          null,
          1,
          null,
          1,
          1,
          null,
          null,
          null,
          null,
          null,
          null,
          null,
          1,
          null,
          null,
          null,
          null,
          null,
          1,
          null,
          1,
          null,
          null,
          null,
          null,
          null,
          1,
          6,
          5,
          null,
          null,
          null,
          1,
          6,
          1,
          null,
          null,
          null,
          null,
          1,
          101,
          202,
          null,
          null,
          null,
          null,
          null,
          1,
          85,
          85,
          null,
          450,
          null,
          null,
          null,
          null
        ],
        "branches": {
          "[:if, 0, 51, 8, 51, 93]": {
            "[:then, 1, 51, 8, 51, 73]": 10,
            "[:else, 2, 51, 8, 51, 93]": 75
          }
        }
      },
      "/Users/mike/.config/zsh/lib/zdots/ai/pipeline.rb": {
        "lines": [
          null,
          null,
          1,
          1,
          null,
          1,
          1,
          null,
          null,
          null,
          1,
          1,
          1,
          null,
          null,
          null,
          1,
          8,
          6,
          5,
          null,
          null,
          null,
          null,
          1,
          6,
          5,
          4,
          null,
          null,
          1,
          null,
          1,
          14,
          11,
          null,
          3,
          null,
          null,
          1,
          11,
          null,
          2,
          null,
          null,
          1,
          5,
          5,
          5,
          5,
          4,
          null,
          1,
          null,
          null,
          1,
          4,
          3,
          3,
          null,
          1,
          null,
          1,
          null,
          null,
          null,
          null,
          null
        ],
        "branches": {
          "[:if, 0, 48, 10, 48, 63]": {
            "[:then, 1, 48, 10, 48, 53]": 1,
            "[:else, 2, 48, 10, 48, 63]": 4
          },
          "[:if, 3, 59, 10, 59, 98]": {
            "[:then, 4, 59, 10, 59, 66]": 2,
            "[:else, 5, 59, 10, 59, 98]": 1
          }
        }
      },
      "/Users/mike/.config/zsh/lib/zdots/crypto/key_store.rb": {
        "lines": [
          null,
          null,
          1,
          1,
          1,
          1,
          6,
          6,
          null,
          3,
          null,
          null,
          1,
          4,
          4,
          2,
          null,
          null,
          null,
          2,
          2,
          1,
          null,
          null,
          1,
          null,
          null,
          null,
          null
        ],
        "branches": {
          "[:if, 0, 8, 8, 8, 92]": {
            "[:then, 1, 8, 8, 8, 60]": 3,
            "[:else, 2, 8, 8, 8, 92]": 3
          },
          "[:if, 3, 15, 8, 18, 11]": {
            "[:then, 4, 16, 10, 17, 141]": 2,
            "[:else, 5, 15, 8, 18, 11]": 2
          },
          "[:if, 6, 21, 8, 23, 11]": {
            "[:then, 7, 22, 10, 22, 104]": 1,
            "[:else, 8, 21, 8, 23, 11]": 1
          }
        }
      },
      "/Users/mike/.config/zsh/lib/zdots/jobs/docs_sync.rb": {
        "lines": [
          null,
          null,
          1,
          1,
          1,
          null,
          1,
          1,
          1,
          1,
          null,
          1,
          null,
          null,
          null,
          1,
          null,
          null,
          null,
          null,
          null,
          null,
          1,
          null,
          1,
          0,
          null,
          null,
          null,
          0,
          0,
          null,
          0,
          null,
          0,
          0,
          null,
          0,
          0,
          0,
          null,
          0,
          0,
          null,
          0,
          0,
          null,
          0,
          0,
          null,
          null,
          null,
          0,
          null,
          0,
          null,
          null,
          1,
          null,
          null,
          null,
          null,
          null,
          null,
          null,
          null,
          1,
          5,
          null,
          null,
          null,
          null,
          null,
          5,
          null,
          3,
          3,
          null,
          2,
          null,
          null,
          null,
          null,
          null
        ],
        "branches": {
          "[:unless, 0, 31, 8, 31, 71]": {
            "[:else, 1, 31, 8, 31, 71]": 0,
            "[:then, 2, 31, 8, 31, 56]": 0
          },
          "[:unless, 3, 40, 10, 40, 44]": {
            "[:else, 4, 40, 10, 40, 44]": 0,
            "[:then, 5, 40, 10, 40, 14]": 0
          },
          "[:if, 6, 45, 10, 50, 13]": {
            "[:then, 7, 46, 12, 46, 46]": 0,
            "[:else, 8, 48, 12, 49, 49]": 0
          },
          "[:case, 9, 74, 8, 80, 11]": {
            "[:in, 10, 76, 10, 77, 41]": 3,
            "[:in, 11, 79, 10, 79, 56]": 2,
            "[:else, 12, 74, 8, 80, 11]": 0
          },
          "[:if, 13, 77, 10, 77, 41]": {
            "[:then, 14, 77, 31, 77, 34]": 1,
            "[:else, 15, 77, 37, 77, 41]": 2
          }
        }
      },
      "/Users/mike/.config/zsh/lib/zdots/jobs/base.rb": {
        "lines": [
          null,
          null,
          1,
          null,
          1,
          1,
          1,
          null,
          1,
          2,
          null,
          null,
          null,
          null,
          1,
          0,
          0,
          null,
          null,
          null,
          1,
          1,
          null,
          1,
          14,
          null,
          null,
          1,
          0,
          null,
          null,
          1,
          0,
          null,
          null,
          null,
          null,
          0,
          null,
          null,
          null,
          0,
          0,
          0,
          null,
          0,
          0,
          0,
          0,
          null,
          null,
          null,
          1,
          0,
          null,
          null,
          1,
          0,
          null,
          null,
          1,
          null,
          null,
          null,
          1,
          0,
          0,
          null,
          0,
          null,
          null,
          null,
          null
        ],
        "branches": {
          "[:unless, 0, 67, 8, 67, 66]": {
            "[:else, 1, 67, 8, 67, 66]": 0,
            "[:then, 2, 67, 8, 67, 41]": 0
          }
        }
      },
      "/Users/mike/.config/zsh/lib/zdots/jobs/embed.rb": {
        "lines": [
          null,
          null,
          1,
          1,
          1,
          null,
          1,
          1,
          1,
          1,
          null,
          1,
          null,
          null,
          null,
          null,
          null,
          null,
          null,
          null,
          1,
          null,
          1,
          0,
          0,
          0,
          0,
          null,
          0,
          null,
          0,
          null,
          null,
          0,
          0,
          null,
          null,
          null,
          0,
          null,
          null,
          1,
          null,
          null,
          null,
          1,
          3,
          6,
          6,
          null,
          5,
          null,
          2,
          null,
          null,
          null,
          null,
          1,
          8,
          null,
          5,
          5,
          5,
          8397,
          null,
          8397,
          1,
          1,
          4,
          8396,
          18,
          18,
          null,
          8378,
          null,
          null,
          5,
          5,
          null,
          null,
          null,
          null,
          1,
          4,
          null,
          2,
          2,
          20,
          6,
          6,
          6,
          null,
          null,
          null,
          null
        ],
        "branches": {
          "[:if, 0, 27, 8, 27, 87]": {
            "[:then, 1, 27, 8, 27, 53]": 0,
            "[:else, 2, 27, 8, 27, 87]": 0
          },
          "[:unless, 3, 49, 10, 49, 81]": {
            "[:else, 4, 49, 10, 49, 81]": 5,
            "[:then, 5, 49, 10, 49, 58]": 1
          },
          "[:if, 6, 59, 8, 59, 49]": {
            "[:then, 7, 59, 8, 59, 21]": 3,
            "[:else, 8, 59, 8, 59, 49]": 5
          },
          "[:if, 9, 64, 10, 64, 30]": {
            "[:then, 10, 64, 10, 64, 14]": 0,
            "[:else, 11, 64, 10, 64, 30]": 8397
          },
          "[:if, 12, 66, 10, 75, 13]": {
            "[:then, 13, 67, 12, 69, 77]": 1,
            "[:else, 14, 70, 10, 75, 13]": 8396
          },
          "[:unless, 15, 67, 12, 67, 63]": {
            "[:else, 16, 67, 12, 67, 63]": 1,
            "[:then, 17, 67, 12, 67, 35]": 0
          },
          "[:if, 18, 70, 10, 75, 13]": {
            "[:then, 19, 71, 12, 72, 27]": 18,
            "[:else, 20, 74, 12, 74, 28]": 8378
          },
          "[:unless, 21, 71, 12, 71, 63]": {
            "[:else, 22, 71, 12, 71, 63]": 0,
            "[:then, 23, 71, 12, 71, 35]": 18
          },
          "[:unless, 24, 77, 8, 77, 59]": {
            "[:else, 25, 77, 8, 77, 59]": 1,
            "[:then, 26, 77, 8, 77, 31]": 4
          },
          "[:if, 27, 84, 8, 84, 49]": {
            "[:then, 28, 84, 8, 84, 28]": 2,
            "[:else, 29, 84, 8, 84, 49]": 2
          },
          "[:if, 30, 91, 8, 91, 53]": {
            "[:then, 31, 91, 21, 91, 25]": 0,
            "[:else, 32, 91, 28, 91, 53]": 2
          }
        }
      },
      "/Users/mike/.config/zsh/lib/zdots/models/encrypted_content.rb": {
        "lines": [
          null,
          null,
          1,
          1,
          1,
          1,
          4,
          null,
          null,
          1,
          1,
          4,
          2,
          2,
          null,
          1,
          null,
          null,
          4,
          2,
          1,
          null,
          1,
          null,
          null,
          null,
          null,
          null,
          null,
          null
        ],
        "branches": {
          "[:if, 0, 14, 12, 14, 34]": {
            "[:then, 1, 14, 12, 14, 22]": 1,
            "[:else, 2, 14, 12, 14, 34]": 1
          },
          "[:if, 3, 20, 27, 24, 30]": {
            "[:then, 4, 21, 29, 21, 32]": 1,
            "[:else, 5, 23, 29, 23, 119]": 1
          }
        }
      }
    },
    "timestamp": 1780859310
  }
}
